<?xml version="1.0" encoding="UTF-8"?>
<!-- Generated by org.testng.reporters.JUnitXMLReporter -->
<testsuite ignored="1" hostname="Vinays-MacBook-Air.local" failures="1" tests="2" name="Error Validation Test" time="17.155" errors="0" timestamp="2024-08-02T17:47:26 IST">
  <testcase classname="vinaySeleniumLearning.tests.ErrorValidationsTest" name="LoginErrorValidation" time="0.821">
    <skipped/>
  </testcase> <!-- LoginErrorValidation -->
  <testcase classname="vinaySeleniumLearning.tests.ErrorValidationsTest" name="LoginErrorValidation" time="0.268">
    <failure type="java.lang.AssertionError" message="expected [Incorrect email or password.] but found [Incorrect email password.]">
      <![CDATA[java.lang.AssertionError: expected [Incorrect email or password.] but found [Incorrect email password.]
at vinaySeleniumLearning.tests.ErrorValidationsTest.LoginErrorValidation(ErrorValidationsTest.java:29)
at java.base/java.util.ArrayList.forEach(ArrayList.java:1597)
at java.base/java.util.concurrent.FutureTask.run(FutureTask.java:317)
at java.base/java.util.concurrent.ThreadPoolExecutor.runWorker(ThreadPoolExecutor.java:1144)
at java.base/java.util.concurrent.ThreadPoolExecutor$Worker.run(ThreadPoolExecutor.java:642)
at java.base/java.lang.Thread.run(Thread.java:1570)
... Removed 22 stack frames]]>
    </failure>
  </testcase> <!-- LoginErrorValidation -->
  <testcase classname="vinaySeleniumLearning.tests.ErrorValidationsTest" name="productErrorValidation" time="0.0">
    <ignored/>
  </testcase> <!-- productErrorValidation -->
</testsuite> <!-- Error Validation Test -->
